android/build/app/intermediates/manifest_merge_blame_file/debug/processDebugMainManifest/manifest-merger-blame-debug-report.txt
1<?xml version="1.0" encoding="utf-8"?>
2<manifest xmlns:android="http://schemas.android.com/apk/res/android"
3    package="com.seuapp.yt"
4    android:versionCode="1"
5    android:versionName="1.0.0" >
6
7    <uses-sdk
8        android:minSdkVersion="24"
9        android:targetSdkVersion="36" />
10    <!--
11         The INTERNET permission is required for development. Specifically,
12         the Flutter tool needs it to communicate with the running application
13         to allow setting breakpoints, to provide hot reload, etc.
14    -->
15    <uses-permission android:name="android.permission.INTERNET" />
15-->src/main/AndroidManifest.xml:5:5-66
15-->src/main/AndroidManifest.xml:5:22-64
16    <uses-permission
16-->src/main/AndroidManifest.xml:6:5-7:37
17        android:name="android.permission.WRITE_EXTERNAL_STORAGE"
17-->src/main/AndroidManifest.xml:6:22-78
18        android:maxSdkVersion="28" />
18-->src/main/AndroidManifest.xml:7:9-35
19    <uses-permission
19-->src/main/AndroidManifest.xml:8:5-9:37
20        android:name="android.permission.READ_EXTERNAL_STORAGE"
20-->src/main/AndroidManifest.xml:8:22-77
21        android:maxSdkVersion="32" />
21-->src/main/AndroidManifest.xml:9:9-35
22    <uses-permission android:name="android.permission.POST_NOTIFICATIONS" />
22-->src/main/AndroidManifest.xml:10:5-76
22-->src/main/AndroidManifest.xml:10:22-74
23    <uses-permission android:name="android.permission.WAKE_LOCK" />
23-->src/main/AndroidManifest.xml:11:5-67
23-->src/main/AndroidManifest.xml:11:22-65
24    <uses-permission android:name="android.permission.FOREGROUND_SERVICE" />
24-->src/main/AndroidManifest.xml:12:5-76
24-->src/main/AndroidManifest.xml:12:22-74
25    <uses-permission android:name="android.permission.FOREGROUND_SERVICE_MEDIA_PLAYBACK" />
25-->src/main/AndroidManifest.xml:13:5-91
25-->src/main/AndroidManifest.xml:13:22-89
26
27    <queries>
27-->[:flutter_inappwebview_android] AndroidManifest.xml:7:5-11:15
28        <intent>
28-->[:flutter_inappwebview_android] AndroidManifest.xml:8:9-10:18
29            <action android:name="android.support.customtabs.action.CustomTabsService" />
29-->[:flutter_inappwebview_android] AndroidManifest.xml:9:13-90
29-->[:flutter_inappwebview_android] AndroidManifest.xml:9:21-87
30        </intent>
31    </queries>
32
33    <uses-permission android:name="android.permission.VIBRATE" />
33-->[:flutter_local_notifications] AndroidManifest.xml:7:5-66
33-->[:flutter_local_notifications] AndroidManifest.xml:7:22-63
34    <uses-permission android:name="android.permission.ACCESS_NETWORK_STATE" />
34-->[androidx.media3:media3-common:1.4.1] AndroidManifest.xml:22:5-79
34-->[androidx.media3:media3-common:1.4.1] AndroidManifest.xml:22:22-76
35
36    <permission
36-->[androidx.core:core:1.17.0] AndroidManifest.xml:22:5-24:47
37        android:name="com.seuapp.yt.DYNAMIC_RECEIVER_NOT_EXPORTED_PERMISSION"
37-->[androidx.core:core:1.17.0] AndroidManifest.xml:23:9-81
38        android:protectionLevel="signature" />
38-->[androidx.core:core:1.17.0] AndroidManifest.xml:24:9-44
39
40    <uses-permission android:name="com.seuapp.yt.DYNAMIC_RECEIVER_NOT_EXPORTED_PERMISSION" />
40-->[androidx.core:core:1.17.0] AndroidManifest.xml:26:5-97
40-->[androidx.core:core:1.17.0] AndroidManifest.xml:26:22-94
41
42    <application
43        android:name="android.app.Application"
44        android:allowBackup="false"
45        android:appComponentFactory="androidx.core.app.CoreComponentFactory"
45-->[androidx.core:core:1.17.0] AndroidManifest.xml:28:18-86
46        android:debuggable="true"
47        android:extractNativeLibs="true"
48        android:icon="@mipmap/ic_launcher"
49        android:label="YTDown"
50        android:networkSecurityConfig="@xml/network_security_config" >
51        <activity
52            android:name="com.example.ytdown.MainActivity"
53            android:configChanges="orientation|keyboardHidden|keyboard|screenSize|smallestScreenSize|locale|layoutDirection|fontScale|screenLayout|density|uiMode"
54            android:exported="true"
55            android:hardwareAccelerated="true"
56            android:launchMode="singleTop"
57            android:theme="@style/LaunchTheme"
58            android:windowSoftInputMode="adjustResize" >
59
60            <!-- App normal -->
61            <intent-filter>
62                <action android:name="android.intent.action.MAIN" />
63
64                <category android:name="android.intent.category.LAUNCHER" />
65            </intent-filter>
66
67            <!-- Recebe texto compartilhado (link do YouTube) -->
68            <intent-filter>
69                <action android:name="android.intent.action.SEND" />
70
71                <category android:name="android.intent.category.DEFAULT" />
72
73                <data android:mimeType="text/plain" />
74            </intent-filter>
75        </activity>
76
77        <!-- Provider para FileProvider -->
78        <meta-data
79            android:name="flutterEmbedding"
80            android:value="2" />
81
82        <provider
83            android:name="androidx.core.content.FileProvider"
84            android:authorities="com.seuapp.yt.fileprovider"
85            android:exported="false"
86            android:grantUriPermissions="true" >
87            <meta-data
87-->[:share_plus] AndroidManifest.xml:18:13-20:68
88                android:name="android.support.FILE_PROVIDER_PATHS"
88-->[:share_plus] AndroidManifest.xml:19:17-67
89                android:resource="@xml/file_paths" />
89-->[:share_plus] AndroidManifest.xml:20:17-65
90        </provider>
91
92        <service
93            android:name="com.ryanheise.audioservice.AudioService"
94            android:exported="false"
95            android:foregroundServiceType="mediaPlayback" >
96            <intent-filter>
97                <action android:name="android.intent.action.MEDIA_BUTTON" />
98                <action android:name="android.intent.action.MEDIA_SESSION" />
99            </intent-filter>
100        </service>
101
102        <receiver
103            android:name="com.ryanheise.audioservice.MediaButtonReceiver"
104            android:exported="true" >
105            <intent-filter>
106                <action android:name="android.intent.action.MEDIA_BUTTON" />
107            </intent-filter>
108        </receiver>
109
110        <!--
111           Declares a provider which allows us to store files to share in
112           '.../caches/share_plus' and grant the receiving action access
113        -->
114        <provider
114-->[:share_plus] AndroidManifest.xml:13:9-21:20
115            android:name="dev.fluttercommunity.plus.share.ShareFileProvider"
115-->[:share_plus] AndroidManifest.xml:14:13-77
116            android:authorities="com.seuapp.yt.flutter.share_provider"
116-->[:share_plus] AndroidManifest.xml:15:13-74
117            android:exported="false"
117-->[:share_plus] AndroidManifest.xml:16:13-37
118            android:grantUriPermissions="true" >
118-->[:share_plus] AndroidManifest.xml:17:13-47
119            <meta-data
119-->[:share_plus] AndroidManifest.xml:18:13-20:68
120                android:name="android.support.FILE_PROVIDER_PATHS"
120-->[:share_plus] AndroidManifest.xml:19:17-67
121                android:resource="@xml/flutter_share_file_paths" />
121-->[:share_plus] AndroidManifest.xml:20:17-65
122        </provider>
123        <!--
124           This manifest declared broadcast receiver allows us to use an explicit
125           Intent when creating a PendingItent to be informed of the user's choice
126        -->
127        <receiver
127-->[:share_plus] AndroidManifest.xml:26:9-32:20
128            android:name="dev.fluttercommunity.plus.share.SharePlusPendingIntent"
128-->[:share_plus] AndroidManifest.xml:27:13-82
129            android:exported="false" >
129-->[:share_plus] AndroidManifest.xml:28:13-37
130            <intent-filter>
130-->[:share_plus] AndroidManifest.xml:29:13-31:29
131                <action android:name="EXTRA_CHOSEN_COMPONENT" />
131-->[:share_plus] AndroidManifest.xml:30:17-65
131-->[:share_plus] AndroidManifest.xml:30:25-62
132            </intent-filter>
133        </receiver>
134
135        <activity
135-->[:flutter_inappwebview_android] AndroidManifest.xml:14:9-18:47
136            android:name="com.pichillilorenzo.flutter_inappwebview_android.in_app_browser.InAppBrowserActivity"
136-->[:flutter_inappwebview_android] AndroidManifest.xml:15:13-112
137            android:configChanges="orientation|keyboardHidden|keyboard|screenSize|locale|layoutDirection|fontScale|screenLayout|density"
137-->[:flutter_inappwebview_android] AndroidManifest.xml:16:13-137
138            android:exported="false"
138-->[:flutter_inappwebview_android] AndroidManifest.xml:17:13-37
139            android:theme="@style/AppTheme" />
139-->[:flutter_inappwebview_android] AndroidManifest.xml:18:13-44
140        <activity
140-->[:flutter_inappwebview_android] AndroidManifest.xml:19:9-22:55
141            android:name="com.pichillilorenzo.flutter_inappwebview_android.chrome_custom_tabs.ChromeCustomTabsActivity"
141-->[:flutter_inappwebview_android] AndroidManifest.xml:20:13-120
142            android:exported="false"
142-->[:flutter_inappwebview_android] AndroidManifest.xml:21:13-37
143            android:theme="@style/ThemeTransparent" />
143-->[:flutter_inappwebview_android] AndroidManifest.xml:22:13-52
144        <activity
144-->[:flutter_inappwebview_android] AndroidManifest.xml:23:9-26:55
145            android:name="com.pichillilorenzo.flutter_inappwebview_android.chrome_custom_tabs.TrustedWebActivity"
145-->[:flutter_inappwebview_android] AndroidManifest.xml:24:13-114
146            android:exported="false"
146-->[:flutter_inappwebview_android] AndroidManifest.xml:25:13-37
147            android:theme="@style/ThemeTransparent" />
147-->[:flutter_inappwebview_android] AndroidManifest.xml:26:13-52
148        <activity
148-->[:flutter_inappwebview_android] AndroidManifest.xml:27:9-31:55
149            android:name="com.pichillilorenzo.flutter_inappwebview_android.chrome_custom_tabs.ChromeCustomTabsActivitySingleInstance"
149-->[:flutter_inappwebview_android] AndroidManifest.xml:28:13-134
150            android:exported="false"
150-->[:flutter_inappwebview_android] AndroidManifest.xml:29:13-37
151            android:launchMode="singleInstance"
151-->[:flutter_inappwebview_android] AndroidManifest.xml:30:13-48
152            android:theme="@style/ThemeTransparent" />
152-->[:flutter_inappwebview_android] AndroidManifest.xml:31:13-52
153        <activity
153-->[:flutter_inappwebview_android] AndroidManifest.xml:32:9-36:55
154            android:name="com.pichillilorenzo.flutter_inappwebview_android.chrome_custom_tabs.TrustedWebActivitySingleInstance"
154-->[:flutter_inappwebview_android] AndroidManifest.xml:33:13-128
155            android:exported="false"
155-->[:flutter_inappwebview_android] AndroidManifest.xml:34:13-37
156            android:launchMode="singleInstance"
156-->[:flutter_inappwebview_android] AndroidManifest.xml:35:13-48
157            android:theme="@style/ThemeTransparent" />
157-->[:flutter_inappwebview_android] AndroidManifest.xml:36:13-52
158
159        <receiver
159-->[:flutter_inappwebview_android] AndroidManifest.xml:38:9-41:40
160            android:name="com.pichillilorenzo.flutter_inappwebview_android.chrome_custom_tabs.ActionBroadcastReceiver"
160-->[:flutter_inappwebview_android] AndroidManifest.xml:39:13-119
161            android:enabled="true"
161-->[:flutter_inappwebview_android] AndroidManifest.xml:40:13-35
162            android:exported="false" />
162-->[:flutter_inappwebview_android] AndroidManifest.xml:41:13-37
163
164        <meta-data
164-->[:flutter_inappwebview_android] AndroidManifest.xml:43:9-45:36
165            android:name="io.flutter.embedded_views_preview"
165-->[:flutter_inappwebview_android] AndroidManifest.xml:44:13-61
166            android:value="true" />
166-->[:flutter_inappwebview_android] AndroidManifest.xml:45:13-33
167
168        <provider
168-->[:open_file_android] AndroidManifest.xml:9:9-19:20
169            android:name="com.crazecoder.openfile.FileProvider"
169-->[:open_file_android] AndroidManifest.xml:10:13-64
170            android:authorities="com.seuapp.yt.fileProvider.com.crazecoder.openfile"
170-->[:open_file_android] AndroidManifest.xml:11:13-88
171            android:exported="false"
171-->[:open_file_android] AndroidManifest.xml:12:13-37
172            android:grantUriPermissions="true"
172-->[:open_file_android] AndroidManifest.xml:13:13-47
173            android:requestLegacyExternalStorage="true" >
173-->[:open_file_android] AndroidManifest.xml:14:13-56
174            <meta-data
174-->[:share_plus] AndroidManifest.xml:18:13-20:68
175                android:name="android.support.FILE_PROVIDER_PATHS"
175-->[:share_plus] AndroidManifest.xml:19:17-67
176                android:resource="@xml/filepaths" />
176-->[:share_plus] AndroidManifest.xml:20:17-65
177        </provider>
178
179        <activity
179-->[:url_launcher_android] AndroidManifest.xml:8:9-11:74
180            android:name="io.flutter.plugins.urllauncher.WebViewActivity"
180-->[:url_launcher_android] AndroidManifest.xml:9:13-74
181            android:exported="false"
181-->[:url_launcher_android] AndroidManifest.xml:10:13-37
182            android:theme="@android:style/Theme.NoTitleBar.Fullscreen" />
182-->[:url_launcher_android] AndroidManifest.xml:11:13-71
183
184        <service
184-->[:firebase_crashlytics] AndroidManifest.xml:8:9-12:19
185            android:name="com.google.firebase.components.ComponentDiscoveryService"
185-->[:firebase_crashlytics] AndroidManifest.xml:8:18-89
186            android:directBootAware="true"
186-->[com.google.firebase:firebase-common:22.0.1] AndroidManifest.xml:32:13-43
187            android:exported="false" >
187-->[com.google.firebase:firebase-crashlytics:20.0.4] AndroidManifest.xml:14:13-37
188            <meta-data
188-->[:firebase_crashlytics] AndroidManifest.xml:9:13-11:85
189                android:name="com.google.firebase.components:io.flutter.plugins.firebase.crashlytics.FlutterFirebaseAppRegistrar"
189-->[:firebase_crashlytics] AndroidManifest.xml:10:17-130
190                android:value="com.google.firebase.components.ComponentRegistrar" />
190-->[:firebase_crashlytics] AndroidManifest.xml:11:17-82
191            <meta-data
191-->[:firebase_core] AndroidManifest.xml:9:13-11:85
192                android:name="com.google.firebase.components:io.flutter.plugins.firebase.core.FlutterFirebaseCoreRegistrar"
192-->[:firebase_core] AndroidManifest.xml:10:17-124
193                android:value="com.google.firebase.components.ComponentRegistrar" />
193-->[:firebase_core] AndroidManifest.xml:11:17-82
194            <meta-data
194-->[com.google.firebase:firebase-crashlytics:20.0.4] AndroidManifest.xml:15:13-17:85
195                android:name="com.google.firebase.components:com.google.firebase.crashlytics.FirebaseCrashlyticsKtxRegistrar"
195-->[com.google.firebase:firebase-crashlytics:20.0.4] AndroidManifest.xml:16:17-126
196                android:value="com.google.firebase.components.ComponentRegistrar" />
196-->[com.google.firebase:firebase-crashlytics:20.0.4] AndroidManifest.xml:17:17-82
197            <meta-data
197-->[com.google.firebase:firebase-crashlytics:20.0.4] AndroidManifest.xml:18:13-20:85
198                android:name="com.google.firebase.components:com.google.firebase.crashlytics.CrashlyticsRegistrar"
198-->[com.google.firebase:firebase-crashlytics:20.0.4] AndroidManifest.xml:19:17-115
199                android:value="com.google.firebase.components.ComponentRegistrar" />
199-->[com.google.firebase:firebase-crashlytics:20.0.4] AndroidManifest.xml:20:17-82
200            <meta-data
200-->[com.google.firebase:firebase-sessions:3.0.4] AndroidManifest.xml:29:13-31:85
201                android:name="com.google.firebase.components:com.google.firebase.sessions.FirebaseSessionsRegistrar"
201-->[com.google.firebase:firebase-sessions:3.0.4] AndroidManifest.xml:30:17-117
202                android:value="com.google.firebase.components.ComponentRegistrar" />
202-->[com.google.firebase:firebase-sessions:3.0.4] AndroidManifest.xml:31:17-82
203            <meta-data
203-->[com.google.firebase:firebase-installations:19.0.1] AndroidManifest.xml:15:13-17:85
204                android:name="com.google.firebase.components:com.google.firebase.installations.FirebaseInstallationsKtxRegistrar"
204-->[com.google.firebase:firebase-installations:19.0.1] AndroidManifest.xml:16:17-130
205                android:value="com.google.firebase.components.ComponentRegistrar" />
205-->[com.google.firebase:firebase-installations:19.0.1] AndroidManifest.xml:17:17-82
206            <meta-data
206-->[com.google.firebase:firebase-installations:19.0.1] AndroidManifest.xml:18:13-20:85
207                android:name="com.google.firebase.components:com.google.firebase.installations.FirebaseInstallationsRegistrar"
207-->[com.google.firebase:firebase-installations:19.0.1] AndroidManifest.xml:19:17-127
208                android:value="com.google.firebase.components.ComponentRegistrar" />
208-->[com.google.firebase:firebase-installations:19.0.1] AndroidManifest.xml:20:17-82
209            <meta-data
209-->[com.google.firebase:firebase-common:22.0.1] AndroidManifest.xml:35:13-37:85
210                android:name="com.google.firebase.components:com.google.firebase.FirebaseCommonKtxRegistrar"
210-->[com.google.firebase:firebase-common:22.0.1] AndroidManifest.xml:36:17-109
211                android:value="com.google.firebase.components.ComponentRegistrar" />
211-->[com.google.firebase:firebase-common:22.0.1] AndroidManifest.xml:37:17-82
212            <meta-data
212-->[com.google.firebase:firebase-datatransport:19.0.0] AndroidManifest.xml:25:13-27:85
213                android:name="com.google.firebase.components:com.google.firebase.datatransport.TransportRegistrar"
213-->[com.google.firebase:firebase-datatransport:19.0.0] AndroidManifest.xml:26:17-115
214                android:value="com.google.firebase.components.ComponentRegistrar" />
214-->[com.google.firebase:firebase-datatransport:19.0.0] AndroidManifest.xml:27:17-82
215        </service>
216
217        <uses-library
217-->[androidx.window:window:1.2.0] AndroidManifest.xml:23:9-25:40
218            android:name="androidx.window.extensions"
218-->[androidx.window:window:1.2.0] AndroidManifest.xml:24:13-54
219            android:required="false" />
219-->[androidx.window:window:1.2.0] AndroidManifest.xml:25:13-37
220        <uses-library
220-->[androidx.window:window:1.2.0] AndroidManifest.xml:26:9-28:40
221            android:name="androidx.window.sidecar"
221-->[androidx.window:window:1.2.0] AndroidManifest.xml:27:13-51
222            android:required="false" />
222-->[androidx.window:window:1.2.0] AndroidManifest.xml:28:13-37
223
224        <provider
224-->[androidx.emoji2:emoji2:1.2.0] AndroidManifest.xml:24:9-32:20
225            android:name="androidx.startup.InitializationProvider"
225-->[androidx.emoji2:emoji2:1.2.0] AndroidManifest.xml:25:13-67
226            android:authorities="com.seuapp.yt.androidx-startup"
226-->[androidx.emoji2:emoji2:1.2.0] AndroidManifest.xml:26:13-68
227            android:exported="false" >
227-->[androidx.emoji2:emoji2:1.2.0] AndroidManifest.xml:27:13-37
228            <meta-data
228-->[androidx.emoji2:emoji2:1.2.0] AndroidManifest.xml:29:13-31:52
229                android:name="androidx.emoji2.text.EmojiCompatInitializer"
229-->[androidx.emoji2:emoji2:1.2.0] AndroidManifest.xml:30:17-75
230                android:value="androidx.startup" />
230-->[androidx.emoji2:emoji2:1.2.0] AndroidManifest.xml:31:17-49
231            <meta-data
231-->[androidx.lifecycle:lifecycle-process:2.7.0] AndroidManifest.xml:29:13-31:52
232                android:name="androidx.lifecycle.ProcessLifecycleInitializer"
232-->[androidx.lifecycle:lifecycle-process:2.7.0] AndroidManifest.xml:30:17-78
233                android:value="androidx.startup" />
233-->[androidx.lifecycle:lifecycle-process:2.7.0] AndroidManifest.xml:31:17-49
234            <meta-data
234-->[androidx.profileinstaller:profileinstaller:1.3.1] AndroidManifest.xml:29:13-31:52
235                android:name="androidx.profileinstaller.ProfileInstallerInitializer"
235-->[androidx.profileinstaller:profileinstaller:1.3.1] AndroidManifest.xml:30:17-85
236                android:value="androidx.startup" />
236-->[androidx.profileinstaller:profileinstaller:1.3.1] AndroidManifest.xml:31:17-49
237        </provider>
238
239        <service
239-->[com.google.firebase:firebase-sessions:3.0.4] AndroidManifest.xml:22:9-25:40
240            android:name="com.google.firebase.sessions.SessionLifecycleService"
240-->[com.google.firebase:firebase-sessions:3.0.4] AndroidManifest.xml:23:13-80
241            android:enabled="false"
241-->[com.google.firebase:firebase-sessions:3.0.4] AndroidManifest.xml:24:13-36
242            android:exported="false" />
242-->[com.google.firebase:firebase-sessions:3.0.4] AndroidManifest.xml:25:13-37
243
244        <provider
244-->[com.google.firebase:firebase-common:22.0.1] AndroidManifest.xml:23:9-28:39
245            android:name="com.google.firebase.provider.FirebaseInitProvider"
245-->[com.google.firebase:firebase-common:22.0.1] AndroidManifest.xml:24:13-77
246            android:authorities="com.seuapp.yt.firebaseinitprovider"
246-->[com.google.firebase:firebase-common:22.0.1] AndroidManifest.xml:25:13-72
247            android:directBootAware="true"
247-->[com.google.firebase:firebase-common:22.0.1] AndroidManifest.xml:26:13-43
248            android:exported="false"
248-->[com.google.firebase:firebase-common:22.0.1] AndroidManifest.xml:27:13-37
249            android:initOrder="100" />
249-->[com.google.firebase:firebase-common:22.0.1] AndroidManifest.xml:28:13-36
250
251        <meta-data
251-->[com.google.android.gms:play-services-basement:18.8.0] AndroidManifest.xml:21:9-23:69
252            android:name="com.google.android.gms.version"
252-->[com.google.android.gms:play-services-basement:18.8.0] AndroidManifest.xml:22:13-58
253            android:value="@integer/google_play_services_version" />
253-->[com.google.android.gms:play-services-basement:18.8.0] AndroidManifest.xml:23:13-66
254
255        <receiver
255-->[androidx.profileinstaller:profileinstaller:1.3.1] AndroidManifest.xml:34:9-52:20
256            android:name="androidx.profileinstaller.ProfileInstallReceiver"
256-->[androidx.profileinstaller:profileinstaller:1.3.1] AndroidManifest.xml:35:13-76
257            android:directBootAware="false"
257-->[androidx.profileinstaller:profileinstaller:1.3.1] AndroidManifest.xml:36:13-44
258            android:enabled="true"
258-->[androidx.profileinstaller:profileinstaller:1.3.1] AndroidManifest.xml:37:13-35
259            android:exported="true"
259-->[androidx.profileinstaller:profileinstaller:1.3.1] AndroidManifest.xml:38:13-36
260            android:permission="android.permission.DUMP" >
260-->[androidx.profileinstaller:profileinstaller:1.3.1] AndroidManifest.xml:39:13-57
261            <intent-filter>
261-->[androidx.profileinstaller:profileinstaller:1.3.1] AndroidManifest.xml:40:13-42:29
262                <action android:name="androidx.profileinstaller.action.INSTALL_PROFILE" />
262-->[androidx.profileinstaller:profileinstaller:1.3.1] AndroidManifest.xml:41:17-91
262-->[androidx.profileinstaller:profileinstaller:1.3.1] AndroidManifest.xml:41:25-88
263            </intent-filter>
264            <intent-filter>
264-->[androidx.profileinstaller:profileinstaller:1.3.1] AndroidManifest.xml:43:13-45:29
265                <action android:name="androidx.profileinstaller.action.SKIP_FILE" />
265-->[androidx.profileinstaller:profileinstaller:1.3.1] AndroidManifest.xml:44:17-85
265-->[androidx.profileinstaller:profileinstaller:1.3.1] AndroidManifest.xml:44:25-82
266            </intent-filter>
267            <intent-filter>
267-->[androidx.profileinstaller:profileinstaller:1.3.1] AndroidManifest.xml:46:13-48:29
268                <action android:name="androidx.profileinstaller.action.SAVE_PROFILE" />
268-->[androidx.profileinstaller:profileinstaller:1.3.1] AndroidManifest.xml:47:17-88
268-->[androidx.profileinstaller:profileinstaller:1.3.1] AndroidManifest.xml:47:25-85
269            </intent-filter>
270            <intent-filter>
270-->[androidx.profileinstaller:profileinstaller:1.3.1] AndroidManifest.xml:49:13-51:29
271                <action android:name="androidx.profileinstaller.action.BENCHMARK_OPERATION" />
271-->[androidx.profileinstaller:profileinstaller:1.3.1] AndroidManifest.xml:50:17-95
271-->[androidx.profileinstaller:profileinstaller:1.3.1] AndroidManifest.xml:50:25-92
272            </intent-filter>
273        </receiver>
274
275        <service
275-->[com.google.android.datatransport:transport-backend-cct:3.3.0] AndroidManifest.xml:26:9-32:19
276            android:name="com.google.android.datatransport.runtime.backends.TransportBackendDiscovery"
276-->[com.google.android.datatransport:transport-backend-cct:3.3.0] AndroidManifest.xml:27:13-103
277            android:exported="false" >
277-->[com.google.android.datatransport:transport-backend-cct:3.3.0] AndroidManifest.xml:28:13-37
278            <meta-data
278-->[com.google.android.datatransport:transport-backend-cct:3.3.0] AndroidManifest.xml:29:13-31:39
279                android:name="backend:com.google.android.datatransport.cct.CctBackendFactory"
279-->[com.google.android.datatransport:transport-backend-cct:3.3.0] AndroidManifest.xml:30:17-94
280                android:value="cct" />
280-->[com.google.android.datatransport:transport-backend-cct:3.3.0] AndroidManifest.xml:31:17-36
281        </service>
282        <service
282-->[com.google.android.datatransport:transport-runtime:3.3.0] AndroidManifest.xml:24:9-28:19
283            android:name="com.google.android.datatransport.runtime.scheduling.jobscheduling.JobInfoSchedulerService"
283-->[com.google.android.datatransport:transport-runtime:3.3.0] AndroidManifest.xml:25:13-117
284            android:exported="false"
284-->[com.google.android.datatransport:transport-runtime:3.3.0] AndroidManifest.xml:26:13-37
285            android:permission="android.permission.BIND_JOB_SERVICE" >
285-->[com.google.android.datatransport:transport-runtime:3.3.0] AndroidManifest.xml:27:13-69
286        </service>
287
288        <receiver
288-->[com.google.android.datatransport:transport-runtime:3.3.0] AndroidManifest.xml:30:9-32:40
289            android:name="com.google.android.datatransport.runtime.scheduling.jobscheduling.AlarmManagerSchedulerBroadcastReceiver"
289-->[com.google.android.datatransport:transport-runtime:3.3.0] AndroidManifest.xml:31:13-132
290            android:exported="false" />
290-->[com.google.android.datatransport:transport-runtime:3.3.0] AndroidManifest.xml:32:13-37
291    </application>
292
293</manifest>